* using log directory 'd:/RCompile/CRANguest/R-devel/bmlm.Rcheck'
* using R Under development (unstable) (2016-09-29 r71397)
* using platform: x86_64-w64-mingw32 (64-bit)
* using session charset: ISO8859-1
* checking for file 'bmlm/DESCRIPTION' ... OK
* this is package 'bmlm' version '1.2.1'
* checking CRAN incoming feasibility ... Note_to_CRAN_maintainers
Maintainer: 'Matti Vuorre <mv2521@columbia.edu>'
* checking package namespace information ... OK
* checking package dependencies ... OK
* checking if this is a source package ... OK
* checking if there is a namespace ... OK
* checking for hidden files and directories ... OK
* checking for portable file names ... OK
* checking whether package 'bmlm' can be installed ... WARNING
Found the following significant warnings:
  d:\RCompile\CRANpkg\lib\3.4/BH/include/boost/math/special_functions/detail/bernoulli_details.hpp:127:36: warning: ISO C++ 1998 does not support 'long long' [-Wlong-long]
  d:\RCompile\CRANpkg\lib\3.4/BH/include/boost/math/special_functions/detail/bernoulli_details.hpp:151:9: warning: ISO C++ 1998 does not support 'long long' [-Wlong-long]
See 'd:/RCompile/CRANguest/R-devel/bmlm.Rcheck/00install.out' for details.
* checking installed package size ... OK
* checking package directory ... OK
* checking DESCRIPTION meta-information ... OK
* checking top-level files ... OK
* checking for left-over files ... OK
* checking index information ... OK
* checking package subdirectories ... OK
* checking R files for non-ASCII characters ... OK
* checking R files for syntax errors ... OK
* loading checks for arch 'i386'
** checking whether the package can be loaded ... OK
** checking whether the package can be loaded with stated dependencies ... OK
** checking whether the package can be unloaded cleanly ... OK
** checking whether the namespace can be loaded with stated dependencies ... OK
** checking whether the namespace can be unloaded cleanly ... OK
** checking loading without being on the library search path ... OK
** checking use of S3 registration ... OK
* loading checks for arch 'x64'
** checking whether the package can be loaded ... OK
** checking whether the package can be loaded with stated dependencies ... OK
** checking whether the package can be unloaded cleanly ... OK
** checking whether the namespace can be loaded with stated dependencies ... OK
** checking whether the namespace can be unloaded cleanly ... OK
** checking loading without being on the library search path ... OK
** checking use of S3 registration ... OK
* checking dependencies in R code ... OK
* checking S3 generic/method consistency ... OK
* checking replacement functions ... OK
* checking foreign function calls ... OK
* checking R code for possible problems ... OK
* checking Rd files ... OK
* checking Rd metadata ... OK
* checking Rd line widths ... OK
* checking Rd cross-references ... OK
* checking for missing documentation entries ... OK
* checking for code/documentation mismatches ... OK
* checking Rd \usage sections ... OK
* checking Rd contents ... OK
* checking for unstated dependencies in examples ... OK
* checking contents of 'data' directory ... OK
* checking data for non-ASCII characters ... OK
* checking data for ASCII and uncompressed saves ... OK
* checking line endings in C/C++/Fortran sources/headers ... OK
* checking line endings in Makefiles ... OK
* checking compilation flags in Makevars ... OK
* checking for GNU extensions in Makefiles ... OK
* checking for portable use of $(BLAS_LIBS) and $(LAPACK_LIBS) ... OK
* checking compiled code ... OK
* checking examples ...
** running examples for arch 'i386' ... [7s] OK
** running examples for arch 'x64' ... [6s] OK
* checking PDF version of manual ... OK
* DONE
Status: 1 WARNING
